PREHOOK: query: EXPLAIN SELECT subq.key, tab.value FROM (select a.key, a.value from src a where a.key > 10 ) subq JOIN src tab ON (subq.key = tab.key and subq.key > 20 and subq.value = tab.value) where tab.value < 200
PREHOOK: type: QUERY
POSTHOOK: query: EXPLAIN SELECT subq.key, tab.value FROM (select a.key, a.value from src a where a.key > 10 ) subq JOIN src tab ON (subq.key = tab.key and subq.key > 20 and subq.value = tab.value) where tab.value < 200
POSTHOOK: type: QUERY
STAGE DEPENDENCIES:
  Stage-1 is a root stage
  Stage-0 depends on stages: Stage-1

STAGE PLANS:
  Stage: Stage-1
    Spark
      Edges:
        Reducer 2 <- Map 1 (PARTITION-LEVEL SORT, 2), Map 3 (PARTITION-LEVEL SORT, 2)
#### A masked pattern was here ####
      Vertices:
        Map 1 
            Map Operator Tree:
                TableScan
                  alias: a
                  Statistics: Num rows: 500 Data size: 5312 Basic stats: COMPLETE Column stats: NONE
                  Filter Operator
                    predicate: ((((key > 10) and value is not null) and (key > 20)) and (value < 200)) (type: boolean)
                    Statistics: Num rows: 9 Data size: 95 Basic stats: COMPLETE Column stats: NONE
                    Select Operator
                      expressions: key (type: string), value (type: string)
                      outputColumnNames: _col0, _col1
                      Statistics: Num rows: 9 Data size: 95 Basic stats: COMPLETE Column stats: NONE
                      Reduce Output Operator
                        key expressions: _col0 (type: string), _col1 (type: string)
                        sort order: ++
                        Map-reduce partition columns: _col0 (type: string), _col1 (type: string)
                        Statistics: Num rows: 9 Data size: 95 Basic stats: COMPLETE Column stats: NONE
        Map 3 
            Map Operator Tree:
                TableScan
                  alias: tab
                  Statistics: Num rows: 500 Data size: 5312 Basic stats: COMPLETE Column stats: NONE
                  Filter Operator
                    predicate: ((((key > 20) and value is not null) and key is not null) and (value < 200)) (type: boolean)
                    Statistics: Num rows: 14 Data size: 148 Basic stats: COMPLETE Column stats: NONE
                    Reduce Output Operator
                      key expressions: key (type: string), value (type: string)
                      sort order: ++
                      Map-reduce partition columns: key (type: string), value (type: string)
                      Statistics: Num rows: 14 Data size: 148 Basic stats: COMPLETE Column stats: NONE
        Reducer 2 
            Reduce Operator Tree:
              Join Operator
                condition map:
                     Inner Join 0 to 1
                keys:
                  0 _col0 (type: string), _col1 (type: string)
                  1 key (type: string), value (type: string)
                outputColumnNames: _col0, _col3
                Statistics: Num rows: 15 Data size: 162 Basic stats: COMPLETE Column stats: NONE
                Select Operator
                  expressions: _col0 (type: string), _col3 (type: string)
                  outputColumnNames: _col0, _col1
                  Statistics: Num rows: 15 Data size: 162 Basic stats: COMPLETE Column stats: NONE
                  File Output Operator
                    compressed: false
                    Statistics: Num rows: 15 Data size: 162 Basic stats: COMPLETE Column stats: NONE
                    table:
                        input format: org.apache.hadoop.mapred.TextInputFormat
                        output format: org.apache.hadoop.hive.ql.io.HiveIgnoreKeyTextOutputFormat
                        serde: org.apache.hadoop.hive.serde2.lazy.LazySimpleSerDe

  Stage: Stage-0
    Fetch Operator
      limit: -1
      Processor Tree:
        ListSink

