PREHOOK: query: -- SORT_BEFORE_DIFF
EXPLAIN
SELECT count(1) FROM (
  SELECT key, value FROM src UNION ALL
  SELECT key, value FROM src UNION ALL
  SELECT key, value FROM src UNION ALL
  SELECT key, value FROM src UNION ALL
  SELECT key, value FROM src UNION ALL

  SELECT key, value FROM src UNION ALL
  SELECT key, value FROM src UNION ALL
  SELECT key, value FROM src UNION ALL
  SELECT key, value FROM src UNION ALL
  SELECT key, value FROM src UNION ALL

  SELECT key, value FROM src UNION ALL
  SELECT key, value FROM src UNION ALL
  SELECT key, value FROM src UNION ALL
  SELECT key, value FROM src UNION ALL
  SELECT key, value FROM src UNION ALL

  SELECT key, value FROM src UNION ALL
  SELECT key, value FROM src UNION ALL
  SELECT key, value FROM src UNION ALL
  SELECT key, value FROM src UNION ALL
  SELECT key, value FROM src UNION ALL

  SELECT key, value FROM src UNION ALL
  SELECT key, value FROM src UNION ALL
  SELECT key, value FROM src UNION ALL
  SELECT key, value FROM src UNION ALL
  SELECT key, value FROM src) src
PREHOOK: type: QUERY
POSTHOOK: query: -- SORT_BEFORE_DIFF
EXPLAIN
SELECT count(1) FROM (
  SELECT key, value FROM src UNION ALL
  SELECT key, value FROM src UNION ALL
  SELECT key, value FROM src UNION ALL
  SELECT key, value FROM src UNION ALL
  SELECT key, value FROM src UNION ALL

  SELECT key, value FROM src UNION ALL
  SELECT key, value FROM src UNION ALL
  SELECT key, value FROM src UNION ALL
  SELECT key, value FROM src UNION ALL
  SELECT key, value FROM src UNION ALL

  SELECT key, value FROM src UNION ALL
  SELECT key, value FROM src UNION ALL
  SELECT key, value FROM src UNION ALL
  SELECT key, value FROM src UNION ALL
  SELECT key, value FROM src UNION ALL

  SELECT key, value FROM src UNION ALL
  SELECT key, value FROM src UNION ALL
  SELECT key, value FROM src UNION ALL
  SELECT key, value FROM src UNION ALL
  SELECT key, value FROM src UNION ALL

  SELECT key, value FROM src UNION ALL
  SELECT key, value FROM src UNION ALL
  SELECT key, value FROM src UNION ALL
  SELECT key, value FROM src UNION ALL
  SELECT key, value FROM src) src
POSTHOOK: type: QUERY
STAGE DEPENDENCIES:
  Stage-1 is a root stage
  Stage-0 depends on stages: Stage-1

STAGE PLANS:
  Stage: Stage-1
    Spark
      Edges:
        Reducer 2 <- Map 1 (GROUP, 1), Map 10 (GROUP, 1), Map 11 (GROUP, 1), Map 12 (GROUP, 1), Map 13 (GROUP, 1), Map 14 (GROUP, 1), Map 15 (GROUP, 1), Map 16 (GROUP, 1), Map 17 (GROUP, 1), Map 18 (GROUP, 1), Map 19 (GROUP, 1), Map 20 (GROUP, 1), Map 21 (GROUP, 1), Map 22 (GROUP, 1), Map 23 (GROUP, 1), Map 24 (GROUP, 1), Map 25 (GROUP, 1), Map 26 (GROUP, 1), Map 3 (GROUP, 1), Map 4 (GROUP, 1), Map 5 (GROUP, 1), Map 6 (GROUP, 1), Map 7 (GROUP, 1), Map 8 (GROUP, 1), Map 9 (GROUP, 1)
#### A masked pattern was here ####
      Vertices:
        Map 1 
            Map Operator Tree:
                TableScan
                  alias: src
                  Statistics: Num rows: 500 Data size: 5312 Basic stats: COMPLETE Column stats: COMPLETE
                  Select Operator
                    Statistics: Num rows: 500 Data size: 0 Basic stats: PARTIAL Column stats: COMPLETE
                    Select Operator
                      Statistics: Num rows: 12500 Data size: 0 Basic stats: PARTIAL Column stats: COMPLETE
                      Group By Operator
                        aggregations: count(1)
                        mode: hash
                        outputColumnNames: _col0
                        Statistics: Num rows: 1 Data size: 8 Basic stats: COMPLETE Column stats: COMPLETE
                        Reduce Output Operator
                          sort order: 
                          Statistics: Num rows: 1 Data size: 8 Basic stats: COMPLETE Column stats: COMPLETE
                          value expressions: _col0 (type: bigint)
        Map 10 
            Map Operator Tree:
                TableScan
                  alias: src
                  Statistics: Num rows: 500 Data size: 5312 Basic stats: COMPLETE Column stats: COMPLETE
                  Select Operator
                    Statistics: Num rows: 500 Data size: 0 Basic stats: PARTIAL Column stats: COMPLETE
                    Select Operator
                      Statistics: Num rows: 12500 Data size: 0 Basic stats: PARTIAL Column stats: COMPLETE
                      Group By Operator
                        aggregations: count(1)
                        mode: hash
                        outputColumnNames: _col0
                        Statistics: Num rows: 1 Data size: 8 Basic stats: COMPLETE Column stats: COMPLETE
                        Reduce Output Operator
                          sort order: 
                          Statistics: Num rows: 1 Data size: 8 Basic stats: COMPLETE Column stats: COMPLETE
                          value expressions: _col0 (type: bigint)
        Map 11 
            Map Operator Tree:
                TableScan
                  alias: src
                  Statistics: Num rows: 500 Data size: 5312 Basic stats: COMPLETE Column stats: COMPLETE
                  Select Operator
                    Statistics: Num rows: 500 Data size: 0 Basic stats: PARTIAL Column stats: COMPLETE
                    Select Operator
                      Statistics: Num rows: 12500 Data size: 0 Basic stats: PARTIAL Column stats: COMPLETE
                      Group By Operator
                        aggregations: count(1)
                        mode: hash
                        outputColumnNames: _col0
                        Statistics: Num rows: 1 Data size: 8 Basic stats: COMPLETE Column stats: COMPLETE
                        Reduce Output Operator
                          sort order: 
                          Statistics: Num rows: 1 Data size: 8 Basic stats: COMPLETE Column stats: COMPLETE
                          value expressions: _col0 (type: bigint)
        Map 12 
            Map Operator Tree:
                TableScan
                  alias: src
                  Statistics: Num rows: 500 Data size: 5312 Basic stats: COMPLETE Column stats: COMPLETE
                  Select Operator
                    Statistics: Num rows: 500 Data size: 0 Basic stats: PARTIAL Column stats: COMPLETE
                    Select Operator
                      Statistics: Num rows: 12500 Data size: 0 Basic stats: PARTIAL Column stats: COMPLETE
                      Group By Operator
                        aggregations: count(1)
                        mode: hash
                        outputColumnNames: _col0
                        Statistics: Num rows: 1 Data size: 8 Basic stats: COMPLETE Column stats: COMPLETE
                        Reduce Output Operator
                          sort order: 
                          Statistics: Num rows: 1 Data size: 8 Basic stats: COMPLETE Column stats: COMPLETE
                          value expressions: _col0 (type: bigint)
        Map 13 
            Map Operator Tree:
                TableScan
                  alias: src
                  Statistics: Num rows: 500 Data size: 5312 Basic stats: COMPLETE Column stats: COMPLETE
                  Select Operator
                    Statistics: Num rows: 500 Data size: 0 Basic stats: PARTIAL Column stats: COMPLETE
                    Select Operator
                      Statistics: Num rows: 12500 Data size: 0 Basic stats: PARTIAL Column stats: COMPLETE
                      Group By Operator
                        aggregations: count(1)
                        mode: hash
                        outputColumnNames: _col0
                        Statistics: Num rows: 1 Data size: 8 Basic stats: COMPLETE Column stats: COMPLETE
                        Reduce Output Operator
                          sort order: 
                          Statistics: Num rows: 1 Data size: 8 Basic stats: COMPLETE Column stats: COMPLETE
                          value expressions: _col0 (type: bigint)
        Map 14 
            Map Operator Tree:
                TableScan
                  alias: src
                  Statistics: Num rows: 500 Data size: 5312 Basic stats: COMPLETE Column stats: COMPLETE
                  Select Operator
                    Statistics: Num rows: 500 Data size: 0 Basic stats: PARTIAL Column stats: COMPLETE
                    Select Operator
                      Statistics: Num rows: 12500 Data size: 0 Basic stats: PARTIAL Column stats: COMPLETE
                      Group By Operator
                        aggregations: count(1)
                        mode: hash
                        outputColumnNames: _col0
                        Statistics: Num rows: 1 Data size: 8 Basic stats: COMPLETE Column stats: COMPLETE
                        Reduce Output Operator
                          sort order: 
                          Statistics: Num rows: 1 Data size: 8 Basic stats: COMPLETE Column stats: COMPLETE
                          value expressions: _col0 (type: bigint)
        Map 15 
            Map Operator Tree:
                TableScan
                  alias: src
                  Statistics: Num rows: 500 Data size: 5312 Basic stats: COMPLETE Column stats: COMPLETE
                  Select Operator
                    Statistics: Num rows: 500 Data size: 0 Basic stats: PARTIAL Column stats: COMPLETE
                    Select Operator
                      Statistics: Num rows: 12500 Data size: 0 Basic stats: PARTIAL Column stats: COMPLETE
                      Group By Operator
                        aggregations: count(1)
                        mode: hash
                        outputColumnNames: _col0
                        Statistics: Num rows: 1 Data size: 8 Basic stats: COMPLETE Column stats: COMPLETE
                        Reduce Output Operator
                          sort order: 
                          Statistics: Num rows: 1 Data size: 8 Basic stats: COMPLETE Column stats: COMPLETE
                          value expressions: _col0 (type: bigint)
        Map 16 
            Map Operator Tree:
                TableScan
                  alias: src
                  Statistics: Num rows: 500 Data size: 5312 Basic stats: COMPLETE Column stats: COMPLETE
                  Select Operator
                    Statistics: Num rows: 500 Data size: 0 Basic stats: PARTIAL Column stats: COMPLETE
                    Select Operator
                      Statistics: Num rows: 12500 Data size: 0 Basic stats: PARTIAL Column stats: COMPLETE
                      Group By Operator
                        aggregations: count(1)
                        mode: hash
                        outputColumnNames: _col0
                        Statistics: Num rows: 1 Data size: 8 Basic stats: COMPLETE Column stats: COMPLETE
                        Reduce Output Operator
                          sort order: 
                          Statistics: Num rows: 1 Data size: 8 Basic stats: COMPLETE Column stats: COMPLETE
                          value expressions: _col0 (type: bigint)
        Map 17 
            Map Operator Tree:
                TableScan
                  alias: src
                  Statistics: Num rows: 500 Data size: 5312 Basic stats: COMPLETE Column stats: COMPLETE
                  Select Operator
                    Statistics: Num rows: 500 Data size: 0 Basic stats: PARTIAL Column stats: COMPLETE
                    Select Operator
                      Statistics: Num rows: 12500 Data size: 0 Basic stats: PARTIAL Column stats: COMPLETE
                      Group By Operator
                        aggregations: count(1)
                        mode: hash
                        outputColumnNames: _col0
                        Statistics: Num rows: 1 Data size: 8 Basic stats: COMPLETE Column stats: COMPLETE
                        Reduce Output Operator
                          sort order: 
                          Statistics: Num rows: 1 Data size: 8 Basic stats: COMPLETE Column stats: COMPLETE
                          value expressions: _col0 (type: bigint)
        Map 18 
            Map Operator Tree:
                TableScan
                  alias: src
                  Statistics: Num rows: 500 Data size: 5312 Basic stats: COMPLETE Column stats: COMPLETE
                  Select Operator
                    Statistics: Num rows: 500 Data size: 0 Basic stats: PARTIAL Column stats: COMPLETE
                    Select Operator
                      Statistics: Num rows: 12500 Data size: 0 Basic stats: PARTIAL Column stats: COMPLETE
                      Group By Operator
                        aggregations: count(1)
                        mode: hash
                        outputColumnNames: _col0
                        Statistics: Num rows: 1 Data size: 8 Basic stats: COMPLETE Column stats: COMPLETE
                        Reduce Output Operator
                          sort order: 
                          Statistics: Num rows: 1 Data size: 8 Basic stats: COMPLETE Column stats: COMPLETE
                          value expressions: _col0 (type: bigint)
        Map 19 
            Map Operator Tree:
                TableScan
                  alias: src
                  Statistics: Num rows: 500 Data size: 5312 Basic stats: COMPLETE Column stats: COMPLETE
                  Select Operator
                    Statistics: Num rows: 500 Data size: 0 Basic stats: PARTIAL Column stats: COMPLETE
                    Select Operator
                      Statistics: Num rows: 12500 Data size: 0 Basic stats: PARTIAL Column stats: COMPLETE
                      Group By Operator
                        aggregations: count(1)
                        mode: hash
                        outputColumnNames: _col0
                        Statistics: Num rows: 1 Data size: 8 Basic stats: COMPLETE Column stats: COMPLETE
                        Reduce Output Operator
                          sort order: 
                          Statistics: Num rows: 1 Data size: 8 Basic stats: COMPLETE Column stats: COMPLETE
                          value expressions: _col0 (type: bigint)
        Map 20 
            Map Operator Tree:
                TableScan
                  alias: src
                  Statistics: Num rows: 500 Data size: 5312 Basic stats: COMPLETE Column stats: COMPLETE
                  Select Operator
                    Statistics: Num rows: 500 Data size: 0 Basic stats: PARTIAL Column stats: COMPLETE
                    Select Operator
                      Statistics: Num rows: 12500 Data size: 0 Basic stats: PARTIAL Column stats: COMPLETE
                      Group By Operator
                        aggregations: count(1)
                        mode: hash
                        outputColumnNames: _col0
                        Statistics: Num rows: 1 Data size: 8 Basic stats: COMPLETE Column stats: COMPLETE
                        Reduce Output Operator
                          sort order: 
                          Statistics: Num rows: 1 Data size: 8 Basic stats: COMPLETE Column stats: COMPLETE
                          value expressions: _col0 (type: bigint)
        Map 21 
            Map Operator Tree:
                TableScan
                  alias: src
                  Statistics: Num rows: 500 Data size: 5312 Basic stats: COMPLETE Column stats: COMPLETE
                  Select Operator
                    Statistics: Num rows: 500 Data size: 0 Basic stats: PARTIAL Column stats: COMPLETE
                    Select Operator
                      Statistics: Num rows: 12500 Data size: 0 Basic stats: PARTIAL Column stats: COMPLETE
                      Group By Operator
                        aggregations: count(1)
                        mode: hash
                        outputColumnNames: _col0
                        Statistics: Num rows: 1 Data size: 8 Basic stats: COMPLETE Column stats: COMPLETE
                        Reduce Output Operator
                          sort order: 
                          Statistics: Num rows: 1 Data size: 8 Basic stats: COMPLETE Column stats: COMPLETE
                          value expressions: _col0 (type: bigint)
        Map 22 
            Map Operator Tree:
                TableScan
                  alias: src
                  Statistics: Num rows: 500 Data size: 5312 Basic stats: COMPLETE Column stats: COMPLETE
                  Select Operator
                    Statistics: Num rows: 500 Data size: 0 Basic stats: PARTIAL Column stats: COMPLETE
                    Select Operator
                      Statistics: Num rows: 12500 Data size: 0 Basic stats: PARTIAL Column stats: COMPLETE
                      Group By Operator
                        aggregations: count(1)
                        mode: hash
                        outputColumnNames: _col0
                        Statistics: Num rows: 1 Data size: 8 Basic stats: COMPLETE Column stats: COMPLETE
                        Reduce Output Operator
                          sort order: 
                          Statistics: Num rows: 1 Data size: 8 Basic stats: COMPLETE Column stats: COMPLETE
                          value expressions: _col0 (type: bigint)
        Map 23 
            Map Operator Tree:
                TableScan
                  alias: src
                  Statistics: Num rows: 500 Data size: 5312 Basic stats: COMPLETE Column stats: COMPLETE
                  Select Operator
                    Statistics: Num rows: 500 Data size: 0 Basic stats: PARTIAL Column stats: COMPLETE
                    Select Operator
                      Statistics: Num rows: 12500 Data size: 0 Basic stats: PARTIAL Column stats: COMPLETE
                      Group By Operator
                        aggregations: count(1)
                        mode: hash
                        outputColumnNames: _col0
                        Statistics: Num rows: 1 Data size: 8 Basic stats: COMPLETE Column stats: COMPLETE
                        Reduce Output Operator
                          sort order: 
                          Statistics: Num rows: 1 Data size: 8 Basic stats: COMPLETE Column stats: COMPLETE
                          value expressions: _col0 (type: bigint)
        Map 24 
            Map Operator Tree:
                TableScan
                  alias: src
                  Statistics: Num rows: 500 Data size: 5312 Basic stats: COMPLETE Column stats: COMPLETE
                  Select Operator
                    Statistics: Num rows: 500 Data size: 0 Basic stats: PARTIAL Column stats: COMPLETE
                    Select Operator
                      Statistics: Num rows: 12500 Data size: 0 Basic stats: PARTIAL Column stats: COMPLETE
                      Group By Operator
                        aggregations: count(1)
                        mode: hash
                        outputColumnNames: _col0
                        Statistics: Num rows: 1 Data size: 8 Basic stats: COMPLETE Column stats: COMPLETE
                        Reduce Output Operator
                          sort order: 
                          Statistics: Num rows: 1 Data size: 8 Basic stats: COMPLETE Column stats: COMPLETE
                          value expressions: _col0 (type: bigint)
        Map 25 
            Map Operator Tree:
                TableScan
                  alias: src
                  Statistics: Num rows: 500 Data size: 5312 Basic stats: COMPLETE Column stats: COMPLETE
                  Select Operator
                    Statistics: Num rows: 500 Data size: 0 Basic stats: PARTIAL Column stats: COMPLETE
                    Select Operator
                      Statistics: Num rows: 12500 Data size: 0 Basic stats: PARTIAL Column stats: COMPLETE
                      Group By Operator
                        aggregations: count(1)
                        mode: hash
                        outputColumnNames: _col0
                        Statistics: Num rows: 1 Data size: 8 Basic stats: COMPLETE Column stats: COMPLETE
                        Reduce Output Operator
                          sort order: 
                          Statistics: Num rows: 1 Data size: 8 Basic stats: COMPLETE Column stats: COMPLETE
                          value expressions: _col0 (type: bigint)
        Map 26 
            Map Operator Tree:
                TableScan
                  alias: src
                  Statistics: Num rows: 500 Data size: 5312 Basic stats: COMPLETE Column stats: COMPLETE
                  Select Operator
                    Statistics: Num rows: 500 Data size: 0 Basic stats: PARTIAL Column stats: COMPLETE
                    Select Operator
                      Statistics: Num rows: 12500 Data size: 0 Basic stats: PARTIAL Column stats: COMPLETE
                      Group By Operator
                        aggregations: count(1)
                        mode: hash
                        outputColumnNames: _col0
                        Statistics: Num rows: 1 Data size: 8 Basic stats: COMPLETE Column stats: COMPLETE
                        Reduce Output Operator
                          sort order: 
                          Statistics: Num rows: 1 Data size: 8 Basic stats: COMPLETE Column stats: COMPLETE
                          value expressions: _col0 (type: bigint)
        Map 3 
            Map Operator Tree:
                TableScan
                  alias: src
                  Statistics: Num rows: 500 Data size: 5312 Basic stats: COMPLETE Column stats: COMPLETE
                  Select Operator
                    Statistics: Num rows: 500 Data size: 0 Basic stats: PARTIAL Column stats: COMPLETE
                    Select Operator
                      Statistics: Num rows: 12500 Data size: 0 Basic stats: PARTIAL Column stats: COMPLETE
                      Group By Operator
                        aggregations: count(1)
                        mode: hash
                        outputColumnNames: _col0
                        Statistics: Num rows: 1 Data size: 8 Basic stats: COMPLETE Column stats: COMPLETE
                        Reduce Output Operator
                          sort order: 
                          Statistics: Num rows: 1 Data size: 8 Basic stats: COMPLETE Column stats: COMPLETE
                          value expressions: _col0 (type: bigint)
        Map 4 
            Map Operator Tree:
                TableScan
                  alias: src
                  Statistics: Num rows: 500 Data size: 5312 Basic stats: COMPLETE Column stats: COMPLETE
                  Select Operator
                    Statistics: Num rows: 500 Data size: 0 Basic stats: PARTIAL Column stats: COMPLETE
                    Select Operator
                      Statistics: Num rows: 12500 Data size: 0 Basic stats: PARTIAL Column stats: COMPLETE
                      Group By Operator
                        aggregations: count(1)
                        mode: hash
                        outputColumnNames: _col0
                        Statistics: Num rows: 1 Data size: 8 Basic stats: COMPLETE Column stats: COMPLETE
                        Reduce Output Operator
                          sort order: 
                          Statistics: Num rows: 1 Data size: 8 Basic stats: COMPLETE Column stats: COMPLETE
                          value expressions: _col0 (type: bigint)
        Map 5 
            Map Operator Tree:
                TableScan
                  alias: src
                  Statistics: Num rows: 500 Data size: 5312 Basic stats: COMPLETE Column stats: COMPLETE
                  Select Operator
                    Statistics: Num rows: 500 Data size: 0 Basic stats: PARTIAL Column stats: COMPLETE
                    Select Operator
                      Statistics: Num rows: 12500 Data size: 0 Basic stats: PARTIAL Column stats: COMPLETE
                      Group By Operator
                        aggregations: count(1)
                        mode: hash
                        outputColumnNames: _col0
                        Statistics: Num rows: 1 Data size: 8 Basic stats: COMPLETE Column stats: COMPLETE
                        Reduce Output Operator
                          sort order: 
                          Statistics: Num rows: 1 Data size: 8 Basic stats: COMPLETE Column stats: COMPLETE
                          value expressions: _col0 (type: bigint)
        Map 6 
            Map Operator Tree:
                TableScan
                  alias: src
                  Statistics: Num rows: 500 Data size: 5312 Basic stats: COMPLETE Column stats: COMPLETE
                  Select Operator
                    Statistics: Num rows: 500 Data size: 0 Basic stats: PARTIAL Column stats: COMPLETE
                    Select Operator
                      Statistics: Num rows: 12500 Data size: 0 Basic stats: PARTIAL Column stats: COMPLETE
                      Group By Operator
                        aggregations: count(1)
                        mode: hash
                        outputColumnNames: _col0
                        Statistics: Num rows: 1 Data size: 8 Basic stats: COMPLETE Column stats: COMPLETE
                        Reduce Output Operator
                          sort order: 
                          Statistics: Num rows: 1 Data size: 8 Basic stats: COMPLETE Column stats: COMPLETE
                          value expressions: _col0 (type: bigint)
        Map 7 
            Map Operator Tree:
                TableScan
                  alias: src
                  Statistics: Num rows: 500 Data size: 5312 Basic stats: COMPLETE Column stats: COMPLETE
                  Select Operator
                    Statistics: Num rows: 500 Data size: 0 Basic stats: PARTIAL Column stats: COMPLETE
                    Select Operator
                      Statistics: Num rows: 12500 Data size: 0 Basic stats: PARTIAL Column stats: COMPLETE
                      Group By Operator
                        aggregations: count(1)
                        mode: hash
                        outputColumnNames: _col0
                        Statistics: Num rows: 1 Data size: 8 Basic stats: COMPLETE Column stats: COMPLETE
                        Reduce Output Operator
                          sort order: 
                          Statistics: Num rows: 1 Data size: 8 Basic stats: COMPLETE Column stats: COMPLETE
                          value expressions: _col0 (type: bigint)
        Map 8 
            Map Operator Tree:
                TableScan
                  alias: src
                  Statistics: Num rows: 500 Data size: 5312 Basic stats: COMPLETE Column stats: COMPLETE
                  Select Operator
                    Statistics: Num rows: 500 Data size: 0 Basic stats: PARTIAL Column stats: COMPLETE
                    Select Operator
                      Statistics: Num rows: 12500 Data size: 0 Basic stats: PARTIAL Column stats: COMPLETE
                      Group By Operator
                        aggregations: count(1)
                        mode: hash
                        outputColumnNames: _col0
                        Statistics: Num rows: 1 Data size: 8 Basic stats: COMPLETE Column stats: COMPLETE
                        Reduce Output Operator
                          sort order: 
                          Statistics: Num rows: 1 Data size: 8 Basic stats: COMPLETE Column stats: COMPLETE
                          value expressions: _col0 (type: bigint)
        Map 9 
            Map Operator Tree:
                TableScan
                  alias: src
                  Statistics: Num rows: 500 Data size: 5312 Basic stats: COMPLETE Column stats: COMPLETE
                  Select Operator
                    Statistics: Num rows: 500 Data size: 0 Basic stats: PARTIAL Column stats: COMPLETE
                    Select Operator
                      Statistics: Num rows: 12500 Data size: 0 Basic stats: PARTIAL Column stats: COMPLETE
                      Group By Operator
                        aggregations: count(1)
                        mode: hash
                        outputColumnNames: _col0
                        Statistics: Num rows: 1 Data size: 8 Basic stats: COMPLETE Column stats: COMPLETE
                        Reduce Output Operator
                          sort order: 
                          Statistics: Num rows: 1 Data size: 8 Basic stats: COMPLETE Column stats: COMPLETE
                          value expressions: _col0 (type: bigint)
        Reducer 2 
            Reduce Operator Tree:
              Group By Operator
                aggregations: count(VALUE._col0)
                mode: mergepartial
                outputColumnNames: _col0
                Statistics: Num rows: 1 Data size: 8 Basic stats: COMPLETE Column stats: COMPLETE
                File Output Operator
                  compressed: false
                  Statistics: Num rows: 1 Data size: 8 Basic stats: COMPLETE Column stats: COMPLETE
                  table:
                      input format: org.apache.hadoop.mapred.TextInputFormat
                      output format: org.apache.hadoop.hive.ql.io.HiveIgnoreKeyTextOutputFormat
                      serde: org.apache.hadoop.hive.serde2.lazy.LazySimpleSerDe

  Stage: Stage-0
    Fetch Operator
      limit: -1
      Processor Tree:
        ListSink

PREHOOK: query: SELECT count(1) FROM (
  SELECT key, value FROM src UNION ALL
  SELECT key, value FROM src UNION ALL
  SELECT key, value FROM src UNION ALL
  SELECT key, value FROM src UNION ALL
  SELECT key, value FROM src UNION ALL

  SELECT key, value FROM src UNION ALL
  SELECT key, value FROM src UNION ALL
  SELECT key, value FROM src UNION ALL
  SELECT key, value FROM src UNION ALL
  SELECT key, value FROM src UNION ALL

  SELECT key, value FROM src UNION ALL
  SELECT key, value FROM src UNION ALL
  SELECT key, value FROM src UNION ALL
  SELECT key, value FROM src UNION ALL
  SELECT key, value FROM src UNION ALL

  SELECT key, value FROM src UNION ALL
  SELECT key, value FROM src UNION ALL
  SELECT key, value FROM src UNION ALL
  SELECT key, value FROM src UNION ALL
  SELECT key, value FROM src UNION ALL

  SELECT key, value FROM src UNION ALL
  SELECT key, value FROM src UNION ALL
  SELECT key, value FROM src UNION ALL
  SELECT key, value FROM src UNION ALL
  SELECT key, value FROM src) src
PREHOOK: type: QUERY
PREHOOK: Input: default@src
#### A masked pattern was here ####
POSTHOOK: query: SELECT count(1) FROM (
  SELECT key, value FROM src UNION ALL
  SELECT key, value FROM src UNION ALL
  SELECT key, value FROM src UNION ALL
  SELECT key, value FROM src UNION ALL
  SELECT key, value FROM src UNION ALL

  SELECT key, value FROM src UNION ALL
  SELECT key, value FROM src UNION ALL
  SELECT key, value FROM src UNION ALL
  SELECT key, value FROM src UNION ALL
  SELECT key, value FROM src UNION ALL

  SELECT key, value FROM src UNION ALL
  SELECT key, value FROM src UNION ALL
  SELECT key, value FROM src UNION ALL
  SELECT key, value FROM src UNION ALL
  SELECT key, value FROM src UNION ALL

  SELECT key, value FROM src UNION ALL
  SELECT key, value FROM src UNION ALL
  SELECT key, value FROM src UNION ALL
  SELECT key, value FROM src UNION ALL
  SELECT key, value FROM src UNION ALL

  SELECT key, value FROM src UNION ALL
  SELECT key, value FROM src UNION ALL
  SELECT key, value FROM src UNION ALL
  SELECT key, value FROM src UNION ALL
  SELECT key, value FROM src) src
POSTHOOK: type: QUERY
POSTHOOK: Input: default@src
#### A masked pattern was here ####
12500
