PREHOOK: query: DROP TABLE IF EXISTS DECIMAL_3_txt
PREHOOK: type: DROPTABLE
POSTHOOK: query: DROP TABLE IF EXISTS DECIMAL_3_txt
POSTHOOK: type: DROPTABLE
PREHOOK: query: DROP TABLE IF EXISTS DECIMAL_3
PREHOOK: type: DROPTABLE
POSTHOOK: query: DROP TABLE IF EXISTS DECIMAL_3
POSTHOOK: type: DROPTABLE
PREHOOK: query: CREATE TABLE DECIMAL_3_txt(key decimal(38,18), value int)
ROW FORMAT DELIMITED
   FIELDS TERMINATED BY ' '
STORED AS TEXTFILE
PREHOOK: type: CREATETABLE
PREHOOK: Output: database:default
PREHOOK: Output: default@DECIMAL_3_txt
POSTHOOK: query: CREATE TABLE DECIMAL_3_txt(key decimal(38,18), value int)
ROW FORMAT DELIMITED
   FIELDS TERMINATED BY ' '
STORED AS TEXTFILE
POSTHOOK: type: CREATETABLE
POSTHOOK: Output: database:default
POSTHOOK: Output: default@DECIMAL_3_txt
PREHOOK: query: LOAD DATA LOCAL INPATH '../../data/files/kv7.txt' INTO TABLE DECIMAL_3_txt
PREHOOK: type: LOAD
#### A masked pattern was here ####
PREHOOK: Output: default@decimal_3_txt
POSTHOOK: query: LOAD DATA LOCAL INPATH '../../data/files/kv7.txt' INTO TABLE DECIMAL_3_txt
POSTHOOK: type: LOAD
#### A masked pattern was here ####
POSTHOOK: Output: default@decimal_3_txt
PREHOOK: query: CREATE TABLE DECIMAL_3 STORED AS ORC AS SELECT * FROM DECIMAL_3_txt
PREHOOK: type: CREATETABLE_AS_SELECT
PREHOOK: Input: default@decimal_3_txt
PREHOOK: Output: database:default
PREHOOK: Output: default@DECIMAL_3
POSTHOOK: query: CREATE TABLE DECIMAL_3 STORED AS ORC AS SELECT * FROM DECIMAL_3_txt
POSTHOOK: type: CREATETABLE_AS_SELECT
POSTHOOK: Input: default@decimal_3_txt
POSTHOOK: Output: database:default
POSTHOOK: Output: default@DECIMAL_3
PREHOOK: query: EXPLAIN
SELECT * FROM DECIMAL_3 a JOIN DECIMAL_3 b ON (a.key = b.key) ORDER BY a.key, a.value, b.key, b.value
PREHOOK: type: QUERY
POSTHOOK: query: EXPLAIN
SELECT * FROM DECIMAL_3 a JOIN DECIMAL_3 b ON (a.key = b.key) ORDER BY a.key, a.value, b.key, b.value
POSTHOOK: type: QUERY
STAGE DEPENDENCIES:
  Stage-1 is a root stage
  Stage-2 depends on stages: Stage-1
  Stage-0 depends on stages: Stage-2

STAGE PLANS:
  Stage: Stage-1
    Map Reduce
      Map Operator Tree:
          TableScan
            alias: a
            Statistics: Num rows: 38 Data size: 4296 Basic stats: COMPLETE Column stats: NONE
            Filter Operator
              predicate: key is not null (type: boolean)
              Statistics: Num rows: 19 Data size: 2148 Basic stats: COMPLETE Column stats: NONE
              Reduce Output Operator
                key expressions: key (type: decimal(38,18))
                sort order: +
                Map-reduce partition columns: key (type: decimal(38,18))
                Statistics: Num rows: 19 Data size: 2148 Basic stats: COMPLETE Column stats: NONE
                value expressions: value (type: int)
          TableScan
            alias: b
            Statistics: Num rows: 38 Data size: 4296 Basic stats: COMPLETE Column stats: NONE
            Filter Operator
              predicate: key is not null (type: boolean)
              Statistics: Num rows: 19 Data size: 2148 Basic stats: COMPLETE Column stats: NONE
              Reduce Output Operator
                key expressions: key (type: decimal(38,18))
                sort order: +
                Map-reduce partition columns: key (type: decimal(38,18))
                Statistics: Num rows: 19 Data size: 2148 Basic stats: COMPLETE Column stats: NONE
                value expressions: value (type: int)
      Reduce Operator Tree:
        Join Operator
          condition map:
               Inner Join 0 to 1
          keys:
            0 key (type: decimal(38,18))
            1 key (type: decimal(38,18))
          outputColumnNames: _col0, _col1, _col5, _col6
          Statistics: Num rows: 20 Data size: 2362 Basic stats: COMPLETE Column stats: NONE
          Select Operator
            expressions: _col0 (type: decimal(38,18)), _col1 (type: int), _col5 (type: decimal(38,18)), _col6 (type: int)
            outputColumnNames: _col0, _col1, _col2, _col3
            Statistics: Num rows: 20 Data size: 2362 Basic stats: COMPLETE Column stats: NONE
            File Output Operator
              compressed: false
              table:
                  input format: org.apache.hadoop.mapred.SequenceFileInputFormat
                  output format: org.apache.hadoop.hive.ql.io.HiveSequenceFileOutputFormat
                  serde: org.apache.hadoop.hive.serde2.lazybinary.LazyBinarySerDe

  Stage: Stage-2
    Map Reduce
      Map Operator Tree:
          TableScan
            Reduce Output Operator
              key expressions: _col0 (type: decimal(38,18)), _col1 (type: int), _col2 (type: decimal(38,18)), _col3 (type: int)
              sort order: ++++
              Statistics: Num rows: 20 Data size: 2362 Basic stats: COMPLETE Column stats: NONE
      Reduce Operator Tree:
        Select Operator
          expressions: KEY.reducesinkkey0 (type: decimal(38,18)), KEY.reducesinkkey1 (type: int), KEY.reducesinkkey2 (type: decimal(38,18)), KEY.reducesinkkey3 (type: int)
          outputColumnNames: _col0, _col1, _col2, _col3
          Statistics: Num rows: 20 Data size: 2362 Basic stats: COMPLETE Column stats: NONE
          File Output Operator
            compressed: false
            Statistics: Num rows: 20 Data size: 2362 Basic stats: COMPLETE Column stats: NONE
            table:
                input format: org.apache.hadoop.mapred.TextInputFormat
                output format: org.apache.hadoop.hive.ql.io.HiveIgnoreKeyTextOutputFormat
                serde: org.apache.hadoop.hive.serde2.lazy.LazySimpleSerDe

  Stage: Stage-0
    Fetch Operator
      limit: -1
      Processor Tree:
        ListSink

PREHOOK: query: SELECT * FROM DECIMAL_3 a JOIN DECIMAL_3 b ON (a.key = b.key) ORDER BY a.key, a.value, b.key, b.value
PREHOOK: type: QUERY
PREHOOK: Input: default@decimal_3
#### A masked pattern was here ####
POSTHOOK: query: SELECT * FROM DECIMAL_3 a JOIN DECIMAL_3 b ON (a.key = b.key) ORDER BY a.key, a.value, b.key, b.value
POSTHOOK: type: QUERY
POSTHOOK: Input: default@decimal_3
#### A masked pattern was here ####
-1234567890.123456789	-1234567890	-1234567890.123456789	-1234567890
-4400	4400	-4400	4400
-1255.49	-1255	-1255.49	-1255
-1.122	-11	-1.122	-11
-1.12	-1	-1.12	-1
-1.12	-1	-1.12	-1
-1.12	-1	-1.12	-1
-1.12	-1	-1.12	-1
-0.333	0	-0.333	0
-0.33	0	-0.33	0
-0.3	0	-0.3	0
0	0	0	0
0	0	0	0
0	0	0	0
0	0	0	0
0	0	0	0
0	0	0	0
0	0	0	0
0	0	0	0
0	0	0	0
0.01	0	0.01	0
0.02	0	0.02	0
0.1	0	0.1	0
0.2	0	0.2	0
0.3	0	0.3	0
0.33	0	0.33	0
0.333	0	0.333	0
1	1	1	1
1	1	1	1
1	1	1	1
1	1	1	1
1	1	1	1
1	1	1	1
1	1	1	1
1	1	1	1
1	1	1	1
1.12	1	1.12	1
1.122	1	1.122	1
2	2	2	2
2	2	2	2
2	2	2	2
2	2	2	2
3.14	3	3.14	3
3.14	3	3.14	3
3.14	3	3.14	3
3.14	3	3.14	3
3.14	3	3.14	3
3.14	3	3.14	3
3.14	3	3.14	3
3.14	3	3.14	3
3.14	3	3.14	3
3.14	3	3.14	4
3.14	3	3.14	4
3.14	3	3.14	4
3.14	4	3.14	3
3.14	4	3.14	3
3.14	4	3.14	3
3.14	4	3.14	4
10	10	10	10
20	20	20	20
100	100	100	100
124	124	124	124
125.2	125	125.2	125
200	200	200	200
1234567890.12345678	1234567890	1234567890.12345678	1234567890
PREHOOK: query: EXPLAIN
SELECT * FROM DECIMAL_3 a JOIN DECIMAL_3 b ON (a.key = b.key) ORDER BY a.key, a.value, b.key, b.value
PREHOOK: type: QUERY
POSTHOOK: query: EXPLAIN
SELECT * FROM DECIMAL_3 a JOIN DECIMAL_3 b ON (a.key = b.key) ORDER BY a.key, a.value, b.key, b.value
POSTHOOK: type: QUERY
STAGE DEPENDENCIES:
  Stage-5 is a root stage
  Stage-2 depends on stages: Stage-5
  Stage-0 depends on stages: Stage-2

STAGE PLANS:
  Stage: Stage-5
    Map Reduce Local Work
      Alias -> Map Local Tables:
        a 
          Fetch Operator
            limit: -1
      Alias -> Map Local Operator Tree:
        a 
          TableScan
            alias: a
            Statistics: Num rows: 38 Data size: 4296 Basic stats: COMPLETE Column stats: NONE
            Filter Operator
              predicate: key is not null (type: boolean)
              Statistics: Num rows: 19 Data size: 2148 Basic stats: COMPLETE Column stats: NONE
              HashTable Sink Operator
                keys:
                  0 key (type: decimal(38,18))
                  1 key (type: decimal(38,18))

  Stage: Stage-2
    Map Reduce
      Map Operator Tree:
          TableScan
            alias: b
            Statistics: Num rows: 38 Data size: 4296 Basic stats: COMPLETE Column stats: NONE
            Filter Operator
              predicate: key is not null (type: boolean)
              Statistics: Num rows: 19 Data size: 2148 Basic stats: COMPLETE Column stats: NONE
              Map Join Operator
                condition map:
                     Inner Join 0 to 1
                keys:
                  0 key (type: decimal(38,18))
                  1 key (type: decimal(38,18))
                outputColumnNames: _col0, _col1, _col5, _col6
                Statistics: Num rows: 20 Data size: 2362 Basic stats: COMPLETE Column stats: NONE
                Select Operator
                  expressions: _col0 (type: decimal(38,18)), _col1 (type: int), _col5 (type: decimal(38,18)), _col6 (type: int)
                  outputColumnNames: _col0, _col1, _col2, _col3
                  Statistics: Num rows: 20 Data size: 2362 Basic stats: COMPLETE Column stats: NONE
                  Reduce Output Operator
                    key expressions: _col0 (type: decimal(38,18)), _col1 (type: int), _col2 (type: decimal(38,18)), _col3 (type: int)
                    sort order: ++++
                    Statistics: Num rows: 20 Data size: 2362 Basic stats: COMPLETE Column stats: NONE
      Local Work:
        Map Reduce Local Work
      Reduce Operator Tree:
        Select Operator
          expressions: KEY.reducesinkkey0 (type: decimal(38,18)), KEY.reducesinkkey1 (type: int), KEY.reducesinkkey2 (type: decimal(38,18)), KEY.reducesinkkey3 (type: int)
          outputColumnNames: _col0, _col1, _col2, _col3
          Statistics: Num rows: 20 Data size: 2362 Basic stats: COMPLETE Column stats: NONE
          File Output Operator
            compressed: false
            Statistics: Num rows: 20 Data size: 2362 Basic stats: COMPLETE Column stats: NONE
            table:
                input format: org.apache.hadoop.mapred.TextInputFormat
                output format: org.apache.hadoop.hive.ql.io.HiveIgnoreKeyTextOutputFormat
                serde: org.apache.hadoop.hive.serde2.lazy.LazySimpleSerDe

  Stage: Stage-0
    Fetch Operator
      limit: -1
      Processor Tree:
        ListSink

PREHOOK: query: SELECT * FROM DECIMAL_3 a JOIN DECIMAL_3 b ON (a.key = b.key) ORDER BY a.key, a.value, b.key, b.value
PREHOOK: type: QUERY
PREHOOK: Input: default@decimal_3
#### A masked pattern was here ####
POSTHOOK: query: SELECT * FROM DECIMAL_3 a JOIN DECIMAL_3 b ON (a.key = b.key) ORDER BY a.key, a.value, b.key, b.value
POSTHOOK: type: QUERY
POSTHOOK: Input: default@decimal_3
#### A masked pattern was here ####
-1234567890.123456789	-1234567890	-1234567890.123456789	-1234567890
-4400	4400	-4400	4400
-1255.49	-1255	-1255.49	-1255
-1.122	-11	-1.122	-11
-1.12	-1	-1.12	-1
-1.12	-1	-1.12	-1
-1.12	-1	-1.12	-1
-1.12	-1	-1.12	-1
-0.333	0	-0.333	0
-0.33	0	-0.33	0
-0.3	0	-0.3	0
0	0	0	0
0	0	0	0
0	0	0	0
0	0	0	0
0	0	0	0
0	0	0	0
0	0	0	0
0	0	0	0
0	0	0	0
0.01	0	0.01	0
0.02	0	0.02	0
0.1	0	0.1	0
0.2	0	0.2	0
0.3	0	0.3	0
0.33	0	0.33	0
0.333	0	0.333	0
1	1	1	1
1	1	1	1
1	1	1	1
1	1	1	1
1	1	1	1
1	1	1	1
1	1	1	1
1	1	1	1
1	1	1	1
1.12	1	1.12	1
1.122	1	1.122	1
2	2	2	2
2	2	2	2
2	2	2	2
2	2	2	2
3.14	3	3.14	3
3.14	3	3.14	3
3.14	3	3.14	3
3.14	3	3.14	3
3.14	3	3.14	3
3.14	3	3.14	3
3.14	3	3.14	3
3.14	3	3.14	3
3.14	3	3.14	3
3.14	3	3.14	4
3.14	3	3.14	4
3.14	3	3.14	4
3.14	4	3.14	3
3.14	4	3.14	3
3.14	4	3.14	3
3.14	4	3.14	4
10	10	10	10
20	20	20	20
100	100	100	100
124	124	124	124
125.2	125	125.2	125
200	200	200	200
1234567890.12345678	1234567890	1234567890.12345678	1234567890
PREHOOK: query: DROP TABLE DECIMAL_3_txt
PREHOOK: type: DROPTABLE
PREHOOK: Input: default@decimal_3_txt
PREHOOK: Output: default@decimal_3_txt
POSTHOOK: query: DROP TABLE DECIMAL_3_txt
POSTHOOK: type: DROPTABLE
POSTHOOK: Input: default@decimal_3_txt
POSTHOOK: Output: default@decimal_3_txt
PREHOOK: query: DROP TABLE DECIMAL_3
PREHOOK: type: DROPTABLE
PREHOOK: Input: default@decimal_3
PREHOOK: Output: default@decimal_3
POSTHOOK: query: DROP TABLE DECIMAL_3
POSTHOOK: type: DROPTABLE
POSTHOOK: Input: default@decimal_3
POSTHOOK: Output: default@decimal_3
