PREHOOK: query: create table tst(a int, b int) partitioned by (d string)
PREHOOK: type: CREATETABLE
PREHOOK: Output: database:default
PREHOOK: Output: default@tst
POSTHOOK: query: create table tst(a int, b int) partitioned by (d string)
POSTHOOK: type: CREATETABLE
POSTHOOK: Output: database:default
POSTHOOK: Output: default@tst
PREHOOK: query: alter table tst add partition (d='2009-01-01')
PREHOOK: type: ALTERTABLE_ADDPARTS
PREHOOK: Output: default@tst
POSTHOOK: query: alter table tst add partition (d='2009-01-01')
POSTHOOK: type: ALTERTABLE_ADDPARTS
POSTHOOK: Output: default@tst
POSTHOOK: Output: default@tst@d=2009-01-01
PREHOOK: query: explain
select count(1) from tst x where x.d='2009-01-01'
PREHOOK: type: QUERY
POSTHOOK: query: explain
select count(1) from tst x where x.d='2009-01-01'
POSTHOOK: type: QUERY
STAGE DEPENDENCIES:
  Stage-1 is a root stage
  Stage-0 depends on stages: Stage-1

STAGE PLANS:
  Stage: Stage-1
    Map Reduce
      Map Operator Tree:
          TableScan
            alias: x
            Statistics: Num rows: 1 Data size: 0 Basic stats: PARTIAL Column stats: NONE
            Select Operator
              Statistics: Num rows: 1 Data size: 0 Basic stats: PARTIAL Column stats: NONE
              Group By Operator
                aggregations: count(1)
                mode: hash
                outputColumnNames: _col0
                Statistics: Num rows: 1 Data size: 8 Basic stats: COMPLETE Column stats: NONE
                Reduce Output Operator
                  sort order: 
                  Statistics: Num rows: 1 Data size: 8 Basic stats: COMPLETE Column stats: NONE
                  value expressions: _col0 (type: bigint)
      Reduce Operator Tree:
        Group By Operator
          aggregations: count(VALUE._col0)
          mode: mergepartial
          outputColumnNames: _col0
          Statistics: Num rows: 1 Data size: 8 Basic stats: COMPLETE Column stats: NONE
          File Output Operator
            compressed: false
            Statistics: Num rows: 1 Data size: 8 Basic stats: COMPLETE Column stats: NONE
            table:
                input format: org.apache.hadoop.mapred.TextInputFormat
                output format: org.apache.hadoop.hive.ql.io.HiveIgnoreKeyTextOutputFormat
                serde: org.apache.hadoop.hive.serde2.lazy.LazySimpleSerDe

  Stage: Stage-0
    Fetch Operator
      limit: -1
      Processor Tree:
        ListSink

PREHOOK: query: select count(1) from tst x where x.d='2009-01-01'
PREHOOK: type: QUERY
PREHOOK: Input: default@tst
PREHOOK: Input: default@tst@d=2009-01-01
#### A masked pattern was here ####
POSTHOOK: query: select count(1) from tst x where x.d='2009-01-01'
POSTHOOK: type: QUERY
POSTHOOK: Input: default@tst
POSTHOOK: Input: default@tst@d=2009-01-01
#### A masked pattern was here ####
0
