PREHOOK: query: create table small_alltypesorc1a as select * from alltypesorc where cint is not null and ctinyint is not null order by cint, ctinyint limit 5
PREHOOK: type: CREATETABLE_AS_SELECT
PREHOOK: Input: default@alltypesorc
PREHOOK: Output: database:default
PREHOOK: Output: default@small_alltypesorc1a
POSTHOOK: query: create table small_alltypesorc1a as select * from alltypesorc where cint is not null and ctinyint is not null order by cint, ctinyint limit 5
POSTHOOK: type: CREATETABLE_AS_SELECT
POSTHOOK: Input: default@alltypesorc
POSTHOOK: Output: database:default
POSTHOOK: Output: default@small_alltypesorc1a
PREHOOK: query: create table small_alltypesorc2a as select * from alltypesorc where cint is null and ctinyint is not null order by cint, ctinyint limit 5
PREHOOK: type: CREATETABLE_AS_SELECT
PREHOOK: Input: default@alltypesorc
PREHOOK: Output: database:default
PREHOOK: Output: default@small_alltypesorc2a
POSTHOOK: query: create table small_alltypesorc2a as select * from alltypesorc where cint is null and ctinyint is not null order by cint, ctinyint limit 5
POSTHOOK: type: CREATETABLE_AS_SELECT
POSTHOOK: Input: default@alltypesorc
POSTHOOK: Output: database:default
POSTHOOK: Output: default@small_alltypesorc2a
PREHOOK: query: create table small_alltypesorc3a as select * from alltypesorc where cint is not null and ctinyint is null order by cint, ctinyint limit 5
PREHOOK: type: CREATETABLE_AS_SELECT
PREHOOK: Input: default@alltypesorc
PREHOOK: Output: database:default
PREHOOK: Output: default@small_alltypesorc3a
POSTHOOK: query: create table small_alltypesorc3a as select * from alltypesorc where cint is not null and ctinyint is null order by cint, ctinyint limit 5
POSTHOOK: type: CREATETABLE_AS_SELECT
POSTHOOK: Input: default@alltypesorc
POSTHOOK: Output: database:default
POSTHOOK: Output: default@small_alltypesorc3a
PREHOOK: query: create table small_alltypesorc4a as select * from alltypesorc where cint is null and ctinyint is null order by cint, ctinyint limit 5
PREHOOK: type: CREATETABLE_AS_SELECT
PREHOOK: Input: default@alltypesorc
PREHOOK: Output: database:default
PREHOOK: Output: default@small_alltypesorc4a
POSTHOOK: query: create table small_alltypesorc4a as select * from alltypesorc where cint is null and ctinyint is null order by cint, ctinyint limit 5
POSTHOOK: type: CREATETABLE_AS_SELECT
POSTHOOK: Input: default@alltypesorc
POSTHOOK: Output: database:default
POSTHOOK: Output: default@small_alltypesorc4a
PREHOOK: query: create table small_alltypesorc_a stored as orc as select * from 
(select * from (select * from small_alltypesorc1a) sq1
 union all
 select * from (select * from small_alltypesorc2a) sq2
 union all
 select * from (select * from small_alltypesorc3a) sq3
 union all
 select * from (select * from small_alltypesorc4a) sq4) q
order by cint, ctinyint, cstring1
PREHOOK: type: CREATETABLE_AS_SELECT
PREHOOK: Input: default@small_alltypesorc1a
PREHOOK: Input: default@small_alltypesorc2a
PREHOOK: Input: default@small_alltypesorc3a
PREHOOK: Input: default@small_alltypesorc4a
PREHOOK: Output: database:default
PREHOOK: Output: default@small_alltypesorc_a
POSTHOOK: query: create table small_alltypesorc_a stored as orc as select * from 
(select * from (select * from small_alltypesorc1a) sq1
 union all
 select * from (select * from small_alltypesorc2a) sq2
 union all
 select * from (select * from small_alltypesorc3a) sq3
 union all
 select * from (select * from small_alltypesorc4a) sq4) q
order by cint, ctinyint, cstring1
POSTHOOK: type: CREATETABLE_AS_SELECT
POSTHOOK: Input: default@small_alltypesorc1a
POSTHOOK: Input: default@small_alltypesorc2a
POSTHOOK: Input: default@small_alltypesorc3a
POSTHOOK: Input: default@small_alltypesorc4a
POSTHOOK: Output: database:default
POSTHOOK: Output: default@small_alltypesorc_a
PREHOOK: query: ANALYZE TABLE small_alltypesorc_a COMPUTE STATISTICS
PREHOOK: type: QUERY
PREHOOK: Input: default@small_alltypesorc_a
PREHOOK: Output: default@small_alltypesorc_a
POSTHOOK: query: ANALYZE TABLE small_alltypesorc_a COMPUTE STATISTICS
POSTHOOK: type: QUERY
POSTHOOK: Input: default@small_alltypesorc_a
POSTHOOK: Output: default@small_alltypesorc_a
PREHOOK: query: ANALYZE TABLE small_alltypesorc_a COMPUTE STATISTICS FOR COLUMNS
PREHOOK: type: QUERY
PREHOOK: Input: default@small_alltypesorc_a
#### A masked pattern was here ####
POSTHOOK: query: ANALYZE TABLE small_alltypesorc_a COMPUTE STATISTICS FOR COLUMNS
POSTHOOK: type: QUERY
POSTHOOK: Input: default@small_alltypesorc_a
#### A masked pattern was here ####
PREHOOK: query: explain
select count(*), sum(t1.c_cbigint) from (select c.cbigint as c_cbigint
from small_alltypesorc_a c
left outer join small_alltypesorc_a cd
  on cd.cint = c.cint 
left outer join small_alltypesorc_a hd
  on hd.cbigint = c.cbigint
) t1
PREHOOK: type: QUERY
POSTHOOK: query: explain
select count(*), sum(t1.c_cbigint) from (select c.cbigint as c_cbigint
from small_alltypesorc_a c
left outer join small_alltypesorc_a cd
  on cd.cint = c.cint 
left outer join small_alltypesorc_a hd
  on hd.cbigint = c.cbigint
) t1
POSTHOOK: type: QUERY
STAGE DEPENDENCIES:
  Stage-8 is a root stage
  Stage-3 depends on stages: Stage-8
  Stage-0 depends on stages: Stage-3

STAGE PLANS:
  Stage: Stage-8
    Map Reduce Local Work
      Alias -> Map Local Tables:
        $hdt$_0:$hdt$_1:c 
          Fetch Operator
            limit: -1
        $hdt$_0:$hdt$_2:c 
          Fetch Operator
            limit: -1
      Alias -> Map Local Operator Tree:
        $hdt$_0:$hdt$_1:c 
          TableScan
            alias: c
            Statistics: Num rows: 15 Data size: 3700 Basic stats: COMPLETE Column stats: NONE
            Select Operator
              expressions: cint (type: int)
              outputColumnNames: _col0
              Statistics: Num rows: 15 Data size: 3700 Basic stats: COMPLETE Column stats: NONE
              HashTable Sink Operator
                keys:
                  0 _col0 (type: int)
                  1 _col0 (type: int)
        $hdt$_0:$hdt$_2:c 
          TableScan
            alias: c
            Statistics: Num rows: 15 Data size: 3700 Basic stats: COMPLETE Column stats: NONE
            Select Operator
              expressions: cbigint (type: bigint)
              outputColumnNames: _col0
              Statistics: Num rows: 15 Data size: 3700 Basic stats: COMPLETE Column stats: NONE
              HashTable Sink Operator
                keys:
                  0 _col1 (type: bigint)
                  1 _col0 (type: bigint)

  Stage: Stage-3
    Map Reduce
      Map Operator Tree:
          TableScan
            alias: c
            Statistics: Num rows: 15 Data size: 3700 Basic stats: COMPLETE Column stats: NONE
            Select Operator
              expressions: cint (type: int), cbigint (type: bigint)
              outputColumnNames: _col0, _col1
              Statistics: Num rows: 15 Data size: 3700 Basic stats: COMPLETE Column stats: NONE
              Map Join Operator
                condition map:
                     Left Outer Join0 to 1
                keys:
                  0 _col0 (type: int)
                  1 _col0 (type: int)
                outputColumnNames: _col1
                Statistics: Num rows: 16 Data size: 4070 Basic stats: COMPLETE Column stats: NONE
                Map Join Operator
                  condition map:
                       Left Outer Join0 to 1
                  keys:
                    0 _col1 (type: bigint)
                    1 _col0 (type: bigint)
                  outputColumnNames: _col1
                  Statistics: Num rows: 17 Data size: 4477 Basic stats: COMPLETE Column stats: NONE
                  Select Operator
                    expressions: _col1 (type: bigint)
                    outputColumnNames: _col0
                    Statistics: Num rows: 17 Data size: 4477 Basic stats: COMPLETE Column stats: NONE
                    Group By Operator
                      aggregations: count(), sum(_col0)
                      mode: hash
                      outputColumnNames: _col0, _col1
                      Statistics: Num rows: 1 Data size: 16 Basic stats: COMPLETE Column stats: NONE
                      Reduce Output Operator
                        sort order: 
                        Statistics: Num rows: 1 Data size: 16 Basic stats: COMPLETE Column stats: NONE
                        value expressions: _col0 (type: bigint), _col1 (type: bigint)
      Local Work:
        Map Reduce Local Work
      Execution mode: vectorized
      Reduce Operator Tree:
        Group By Operator
          aggregations: count(VALUE._col0), sum(VALUE._col1)
          mode: mergepartial
          outputColumnNames: _col0, _col1
          Statistics: Num rows: 1 Data size: 16 Basic stats: COMPLETE Column stats: NONE
          File Output Operator
            compressed: false
            Statistics: Num rows: 1 Data size: 16 Basic stats: COMPLETE Column stats: NONE
            table:
                input format: org.apache.hadoop.mapred.TextInputFormat
                output format: org.apache.hadoop.hive.ql.io.HiveIgnoreKeyTextOutputFormat
                serde: org.apache.hadoop.hive.serde2.lazy.LazySimpleSerDe

  Stage: Stage-0
    Fetch Operator
      limit: -1
      Processor Tree:
        ListSink

PREHOOK: query: -- SORT_QUERY_RESULTS

select count(*), sum(t1.c_cbigint) from (select c.cbigint as c_cbigint
from small_alltypesorc_a c
left outer join small_alltypesorc_a cd
  on cd.cint = c.cint 
left outer join small_alltypesorc_a hd
  on hd.cbigint = c.cbigint
) t1
PREHOOK: type: QUERY
PREHOOK: Input: default@small_alltypesorc_a
#### A masked pattern was here ####
POSTHOOK: query: -- SORT_QUERY_RESULTS

select count(*), sum(t1.c_cbigint) from (select c.cbigint as c_cbigint
from small_alltypesorc_a c
left outer join small_alltypesorc_a cd
  on cd.cint = c.cint 
left outer join small_alltypesorc_a hd
  on hd.cbigint = c.cbigint
) t1
POSTHOOK: type: QUERY
POSTHOOK: Input: default@small_alltypesorc_a
#### A masked pattern was here ####
21	17110062350
