PREHOOK: query: create table small_alltypesorc1a as select * from alltypesorc where cint is not null and ctinyint is not null order by cint, ctinyint limit 5
PREHOOK: type: CREATETABLE_AS_SELECT
PREHOOK: Input: default@alltypesorc
PREHOOK: Output: database:default
PREHOOK: Output: default@small_alltypesorc1a
POSTHOOK: query: create table small_alltypesorc1a as select * from alltypesorc where cint is not null and ctinyint is not null order by cint, ctinyint limit 5
POSTHOOK: type: CREATETABLE_AS_SELECT
POSTHOOK: Input: default@alltypesorc
POSTHOOK: Output: database:default
POSTHOOK: Output: default@small_alltypesorc1a
PREHOOK: query: create table small_alltypesorc2a as select * from alltypesorc where cint is null and ctinyint is not null order by cint, ctinyint limit 5
PREHOOK: type: CREATETABLE_AS_SELECT
PREHOOK: Input: default@alltypesorc
PREHOOK: Output: database:default
PREHOOK: Output: default@small_alltypesorc2a
POSTHOOK: query: create table small_alltypesorc2a as select * from alltypesorc where cint is null and ctinyint is not null order by cint, ctinyint limit 5
POSTHOOK: type: CREATETABLE_AS_SELECT
POSTHOOK: Input: default@alltypesorc
POSTHOOK: Output: database:default
POSTHOOK: Output: default@small_alltypesorc2a
PREHOOK: query: create table small_alltypesorc3a as select * from alltypesorc where cint is not null and ctinyint is null order by cint, ctinyint limit 5
PREHOOK: type: CREATETABLE_AS_SELECT
PREHOOK: Input: default@alltypesorc
PREHOOK: Output: database:default
PREHOOK: Output: default@small_alltypesorc3a
POSTHOOK: query: create table small_alltypesorc3a as select * from alltypesorc where cint is not null and ctinyint is null order by cint, ctinyint limit 5
POSTHOOK: type: CREATETABLE_AS_SELECT
POSTHOOK: Input: default@alltypesorc
POSTHOOK: Output: database:default
POSTHOOK: Output: default@small_alltypesorc3a
PREHOOK: query: create table small_alltypesorc4a as select * from alltypesorc where cint is null and ctinyint is null order by cint, ctinyint limit 5
PREHOOK: type: CREATETABLE_AS_SELECT
PREHOOK: Input: default@alltypesorc
PREHOOK: Output: database:default
PREHOOK: Output: default@small_alltypesorc4a
POSTHOOK: query: create table small_alltypesorc4a as select * from alltypesorc where cint is null and ctinyint is null order by cint, ctinyint limit 5
POSTHOOK: type: CREATETABLE_AS_SELECT
POSTHOOK: Input: default@alltypesorc
POSTHOOK: Output: database:default
POSTHOOK: Output: default@small_alltypesorc4a
PREHOOK: query: create table small_alltypesorc_a stored as orc as select * from 
(select * from (select * from small_alltypesorc1a) sq1
 union all
 select * from (select * from small_alltypesorc2a) sq2
 union all
 select * from (select * from small_alltypesorc3a) sq3
 union all
 select * from (select * from small_alltypesorc4a) sq4) q
order by cint, ctinyint, cstring1
PREHOOK: type: CREATETABLE_AS_SELECT
PREHOOK: Input: default@small_alltypesorc1a
PREHOOK: Input: default@small_alltypesorc2a
PREHOOK: Input: default@small_alltypesorc3a
PREHOOK: Input: default@small_alltypesorc4a
PREHOOK: Output: database:default
PREHOOK: Output: default@small_alltypesorc_a
POSTHOOK: query: create table small_alltypesorc_a stored as orc as select * from 
(select * from (select * from small_alltypesorc1a) sq1
 union all
 select * from (select * from small_alltypesorc2a) sq2
 union all
 select * from (select * from small_alltypesorc3a) sq3
 union all
 select * from (select * from small_alltypesorc4a) sq4) q
order by cint, ctinyint, cstring1
POSTHOOK: type: CREATETABLE_AS_SELECT
POSTHOOK: Input: default@small_alltypesorc1a
POSTHOOK: Input: default@small_alltypesorc2a
POSTHOOK: Input: default@small_alltypesorc3a
POSTHOOK: Input: default@small_alltypesorc4a
POSTHOOK: Output: database:default
POSTHOOK: Output: default@small_alltypesorc_a
PREHOOK: query: ANALYZE TABLE small_alltypesorc_a COMPUTE STATISTICS
PREHOOK: type: QUERY
PREHOOK: Input: default@small_alltypesorc_a
PREHOOK: Output: default@small_alltypesorc_a
POSTHOOK: query: ANALYZE TABLE small_alltypesorc_a COMPUTE STATISTICS
POSTHOOK: type: QUERY
POSTHOOK: Input: default@small_alltypesorc_a
POSTHOOK: Output: default@small_alltypesorc_a
PREHOOK: query: ANALYZE TABLE small_alltypesorc_a COMPUTE STATISTICS FOR COLUMNS
PREHOOK: type: QUERY
PREHOOK: Input: default@small_alltypesorc_a
#### A masked pattern was here ####
POSTHOOK: query: ANALYZE TABLE small_alltypesorc_a COMPUTE STATISTICS FOR COLUMNS
POSTHOOK: type: QUERY
POSTHOOK: Input: default@small_alltypesorc_a
#### A masked pattern was here ####
PREHOOK: query: explain
select * 
from small_alltypesorc_a c
left outer join small_alltypesorc_a cd
  on cd.cint = c.cint
PREHOOK: type: QUERY
POSTHOOK: query: explain
select * 
from small_alltypesorc_a c
left outer join small_alltypesorc_a cd
  on cd.cint = c.cint
POSTHOOK: type: QUERY
STAGE DEPENDENCIES:
  Stage-4 is a root stage
  Stage-3 depends on stages: Stage-4
  Stage-0 depends on stages: Stage-3

STAGE PLANS:
  Stage: Stage-4
    Map Reduce Local Work
      Alias -> Map Local Tables:
        $hdt$_1:c 
          Fetch Operator
            limit: -1
      Alias -> Map Local Operator Tree:
        $hdt$_1:c 
          TableScan
            alias: c
            Statistics: Num rows: 15 Data size: 3700 Basic stats: COMPLETE Column stats: NONE
            Select Operator
              expressions: ctinyint (type: tinyint), csmallint (type: smallint), cint (type: int), cbigint (type: bigint), cfloat (type: float), cdouble (type: double), cstring1 (type: string), cstring2 (type: string), ctimestamp1 (type: timestamp), ctimestamp2 (type: timestamp), cboolean1 (type: boolean), cboolean2 (type: boolean)
              outputColumnNames: _col0, _col1, _col2, _col3, _col4, _col5, _col6, _col7, _col8, _col9, _col10, _col11
              Statistics: Num rows: 15 Data size: 3700 Basic stats: COMPLETE Column stats: NONE
              HashTable Sink Operator
                keys:
                  0 _col2 (type: int)
                  1 _col2 (type: int)

  Stage: Stage-3
    Map Reduce
      Map Operator Tree:
          TableScan
            alias: c
            Statistics: Num rows: 15 Data size: 3700 Basic stats: COMPLETE Column stats: NONE
            Select Operator
              expressions: ctinyint (type: tinyint), csmallint (type: smallint), cint (type: int), cbigint (type: bigint), cfloat (type: float), cdouble (type: double), cstring1 (type: string), cstring2 (type: string), ctimestamp1 (type: timestamp), ctimestamp2 (type: timestamp), cboolean1 (type: boolean), cboolean2 (type: boolean)
              outputColumnNames: _col0, _col1, _col2, _col3, _col4, _col5, _col6, _col7, _col8, _col9, _col10, _col11
              Statistics: Num rows: 15 Data size: 3700 Basic stats: COMPLETE Column stats: NONE
              Map Join Operator
                condition map:
                     Left Outer Join0 to 1
                keys:
                  0 _col2 (type: int)
                  1 _col2 (type: int)
                outputColumnNames: _col0, _col1, _col2, _col3, _col4, _col5, _col6, _col7, _col8, _col9, _col10, _col11, _col12, _col13, _col14, _col15, _col16, _col17, _col18, _col19, _col20, _col21, _col22, _col23
                Statistics: Num rows: 16 Data size: 4070 Basic stats: COMPLETE Column stats: NONE
                File Output Operator
                  compressed: false
                  Statistics: Num rows: 16 Data size: 4070 Basic stats: COMPLETE Column stats: NONE
                  table:
                      input format: org.apache.hadoop.mapred.TextInputFormat
                      output format: org.apache.hadoop.hive.ql.io.HiveIgnoreKeyTextOutputFormat
                      serde: org.apache.hadoop.hive.serde2.lazy.LazySimpleSerDe
      Local Work:
        Map Reduce Local Work
      Execution mode: vectorized

  Stage: Stage-0
    Fetch Operator
      limit: -1
      Processor Tree:
        ListSink

PREHOOK: query: -- SORT_QUERY_RESULTS

select * 
from small_alltypesorc_a c
left outer join small_alltypesorc_a cd
  on cd.cint = c.cint
PREHOOK: type: QUERY
PREHOOK: Input: default@small_alltypesorc_a
#### A masked pattern was here ####
POSTHOOK: query: -- SORT_QUERY_RESULTS

select * 
from small_alltypesorc_a c
left outer join small_alltypesorc_a cd
  on cd.cint = c.cint
POSTHOOK: type: QUERY
POSTHOOK: Input: default@small_alltypesorc_a
#### A masked pattern was here ####
-51	NULL	-1071480828	-1401575336	-51.0	NULL	aw724t8c5558x2xneC624	4uE7l74tESBiKfu7c8wM7GA	1969-12-31 16:00:08.451	NULL	true	true	-51	NULL	-1071480828	-1401575336	-51.0	NULL	aw724t8c5558x2xneC624	4uE7l74tESBiKfu7c8wM7GA	1969-12-31 16:00:08.451	NULL	true	true
-64	-7196	NULL	-527203677	-64.0	-7196.0	NULL	JBE4H5RoK412Cs260I72	1969-12-31 15:59:50.184	1969-12-31 15:59:58.174	NULL	true	NULL	NULL	NULL	NULL	NULL	NULL	NULL	NULL	NULL	NULL	NULL	NULL
-64	-7196	NULL	406535485	-64.0	-7196.0	NULL	E011i	1969-12-31 15:59:56.048	1969-12-31 15:59:58.174	NULL	false	NULL	NULL	NULL	NULL	NULL	NULL	NULL	NULL	NULL	NULL	NULL	NULL
-64	-7196	NULL	658026952	-64.0	-7196.0	NULL	4tAur	1969-12-31 15:59:53.866	1969-12-31 15:59:58.174	NULL	true	NULL	NULL	NULL	NULL	NULL	NULL	NULL	NULL	NULL	NULL	NULL	NULL
-64	15601	NULL	1421812187	-64.0	15601.0	NULL	12AEw	1969-12-31 16:00:05.997	1969-12-31 15:59:58.456	NULL	true	NULL	NULL	NULL	NULL	NULL	NULL	NULL	NULL	NULL	NULL	NULL	NULL
-64	15601	NULL	1960950366	-64.0	15601.0	NULL	c0ODOF64	1969-12-31 16:00:13.274	1969-12-31 15:59:58.456	NULL	true	NULL	NULL	NULL	NULL	NULL	NULL	NULL	NULL	NULL	NULL	NULL	NULL
11	NULL	-1069736047	-453772520	11.0	NULL	k17Am8uPHWk02cEf1jet	qrXLLNX1	1969-12-31 16:00:02.351	NULL	true	true	11	NULL	-1069736047	-453772520	11.0	NULL	k17Am8uPHWk02cEf1jet	qrXLLNX1	1969-12-31 16:00:02.351	NULL	true	true
11	NULL	-1072910839	2048385991	11.0	NULL	0iqrc5	KbaDXiN85adbHRx58v	1969-12-31 16:00:02.351	NULL	false	false	11	NULL	-1072910839	2048385991	11.0	NULL	0iqrc5	KbaDXiN85adbHRx58v	1969-12-31 16:00:02.351	NULL	false	false
11	NULL	-1073279343	-1595604468	11.0	NULL	oj1YrV5Wa	P76636jJ6qM17d7DIy	1969-12-31 16:00:02.351	NULL	true	true	11	NULL	-1073279343	-1595604468	11.0	NULL	oj1YrV5Wa	P76636jJ6qM17d7DIy	1969-12-31 16:00:02.351	NULL	true	true
8	NULL	-1071363017	1349676361	8.0	NULL	Anj0oF	IwE1G7Qb0B1NEfV030g	1969-12-31 16:00:15.892	NULL	true	true	8	NULL	-1071363017	1349676361	8.0	NULL	Anj0oF	IwE1G7Qb0B1NEfV030g	1969-12-31 16:00:15.892	NULL	true	true
NULL	-5470	-1072076362	1864027286	NULL	-5470.0	2uLyD28144vklju213J1mr	4KWs6gw7lv2WYd66P	NULL	1969-12-31 16:00:01.836	true	true	NULL	-5470	-1072076362	1864027286	NULL	-5470.0	2uLyD28144vklju213J1mr	4KWs6gw7lv2WYd66P	NULL	1969-12-31 16:00:01.836	true	true
NULL	-7382	-1073051226	-1887561756	NULL	-7382.0	A34p7oRr2WvUJNf	4hA4KQj2vD3fI6gX82220d	NULL	1969-12-31 16:00:10.331	false	false	NULL	-7382	-1073051226	-1887561756	NULL	-7382.0	A34p7oRr2WvUJNf	4hA4KQj2vD3fI6gX82220d	NULL	1969-12-31 16:00:10.331	false	false
NULL	-741	-1070883071	-1645852809	NULL	-741.0	0ruyd6Y50JpdGRf6HqD	xH7445Rals48VOulSyR5F	NULL	1969-12-31 15:59:51.293	false	false	NULL	-741	-1070883071	-1645852809	NULL	-741.0	0ruyd6Y50JpdGRf6HqD	xH7445Rals48VOulSyR5F	NULL	1969-12-31 15:59:51.293	false	false
NULL	-947	-1070551679	1864027286	NULL	-947.0	iUR3Q	4KWs6gw7lv2WYd66P	NULL	1969-12-31 16:00:08.058	false	true	NULL	-947	-1070551679	1864027286	NULL	-947.0	iUR3Q	4KWs6gw7lv2WYd66P	NULL	1969-12-31 16:00:08.058	false	true
NULL	8373	-1072081801	1864027286	NULL	8373.0	dPkN74F7	4KWs6gw7lv2WYd66P	NULL	1969-12-31 15:59:56.465	true	true	NULL	8373	-1072081801	1864027286	NULL	8373.0	dPkN74F7	4KWs6gw7lv2WYd66P	NULL	1969-12-31 15:59:56.465	true	true
PREHOOK: query: explain
select c.ctinyint 
from small_alltypesorc_a c
left outer join small_alltypesorc_a hd
  on hd.ctinyint = c.ctinyint
PREHOOK: type: QUERY
POSTHOOK: query: explain
select c.ctinyint 
from small_alltypesorc_a c
left outer join small_alltypesorc_a hd
  on hd.ctinyint = c.ctinyint
POSTHOOK: type: QUERY
STAGE DEPENDENCIES:
  Stage-4 is a root stage
  Stage-3 depends on stages: Stage-4
  Stage-0 depends on stages: Stage-3

STAGE PLANS:
  Stage: Stage-4
    Map Reduce Local Work
      Alias -> Map Local Tables:
        $hdt$_1:c 
          Fetch Operator
            limit: -1
      Alias -> Map Local Operator Tree:
        $hdt$_1:c 
          TableScan
            alias: c
            Statistics: Num rows: 15 Data size: 3700 Basic stats: COMPLETE Column stats: NONE
            Select Operator
              expressions: ctinyint (type: tinyint)
              outputColumnNames: _col0
              Statistics: Num rows: 15 Data size: 3700 Basic stats: COMPLETE Column stats: NONE
              HashTable Sink Operator
                keys:
                  0 _col0 (type: tinyint)
                  1 _col0 (type: tinyint)

  Stage: Stage-3
    Map Reduce
      Map Operator Tree:
          TableScan
            alias: c
            Statistics: Num rows: 15 Data size: 3700 Basic stats: COMPLETE Column stats: NONE
            Select Operator
              expressions: ctinyint (type: tinyint)
              outputColumnNames: _col0
              Statistics: Num rows: 15 Data size: 3700 Basic stats: COMPLETE Column stats: NONE
              Map Join Operator
                condition map:
                     Left Outer Join0 to 1
                keys:
                  0 _col0 (type: tinyint)
                  1 _col0 (type: tinyint)
                outputColumnNames: _col0
                Statistics: Num rows: 16 Data size: 4070 Basic stats: COMPLETE Column stats: NONE
                File Output Operator
                  compressed: false
                  Statistics: Num rows: 16 Data size: 4070 Basic stats: COMPLETE Column stats: NONE
                  table:
                      input format: org.apache.hadoop.mapred.TextInputFormat
                      output format: org.apache.hadoop.hive.ql.io.HiveIgnoreKeyTextOutputFormat
                      serde: org.apache.hadoop.hive.serde2.lazy.LazySimpleSerDe
      Local Work:
        Map Reduce Local Work
      Execution mode: vectorized

  Stage: Stage-0
    Fetch Operator
      limit: -1
      Processor Tree:
        ListSink

PREHOOK: query: -- SORT_QUERY_RESULTS

select c.ctinyint 
from small_alltypesorc_a c
left outer join small_alltypesorc_a hd
  on hd.ctinyint = c.ctinyint
PREHOOK: type: QUERY
PREHOOK: Input: default@small_alltypesorc_a
#### A masked pattern was here ####
POSTHOOK: query: -- SORT_QUERY_RESULTS

select c.ctinyint 
from small_alltypesorc_a c
left outer join small_alltypesorc_a hd
  on hd.ctinyint = c.ctinyint
POSTHOOK: type: QUERY
POSTHOOK: Input: default@small_alltypesorc_a
#### A masked pattern was here ####
-51
-64
-64
-64
-64
-64
-64
-64
-64
-64
-64
-64
-64
-64
-64
-64
-64
-64
-64
-64
-64
-64
-64
-64
-64
-64
11
11
11
11
11
11
11
11
11
8
NULL
NULL
NULL
NULL
NULL
PREHOOK: query: explain
select count(*), sum(t1.c_ctinyint) from (select c.ctinyint as c_ctinyint
from small_alltypesorc_a c
left outer join small_alltypesorc_a cd
  on cd.cint = c.cint 
left outer join small_alltypesorc_a hd
  on hd.ctinyint = c.ctinyint
) t1
PREHOOK: type: QUERY
POSTHOOK: query: explain
select count(*), sum(t1.c_ctinyint) from (select c.ctinyint as c_ctinyint
from small_alltypesorc_a c
left outer join small_alltypesorc_a cd
  on cd.cint = c.cint 
left outer join small_alltypesorc_a hd
  on hd.ctinyint = c.ctinyint
) t1
POSTHOOK: type: QUERY
STAGE DEPENDENCIES:
  Stage-8 is a root stage
  Stage-3 depends on stages: Stage-8
  Stage-0 depends on stages: Stage-3

STAGE PLANS:
  Stage: Stage-8
    Map Reduce Local Work
      Alias -> Map Local Tables:
        $hdt$_0:$hdt$_1:c 
          Fetch Operator
            limit: -1
        $hdt$_0:$hdt$_2:c 
          Fetch Operator
            limit: -1
      Alias -> Map Local Operator Tree:
        $hdt$_0:$hdt$_1:c 
          TableScan
            alias: c
            Statistics: Num rows: 15 Data size: 3700 Basic stats: COMPLETE Column stats: NONE
            Select Operator
              expressions: cint (type: int)
              outputColumnNames: _col0
              Statistics: Num rows: 15 Data size: 3700 Basic stats: COMPLETE Column stats: NONE
              HashTable Sink Operator
                keys:
                  0 _col1 (type: int)
                  1 _col0 (type: int)
        $hdt$_0:$hdt$_2:c 
          TableScan
            alias: c
            Statistics: Num rows: 15 Data size: 3700 Basic stats: COMPLETE Column stats: NONE
            Select Operator
              expressions: ctinyint (type: tinyint)
              outputColumnNames: _col0
              Statistics: Num rows: 15 Data size: 3700 Basic stats: COMPLETE Column stats: NONE
              HashTable Sink Operator
                keys:
                  0 _col0 (type: tinyint)
                  1 _col0 (type: tinyint)

  Stage: Stage-3
    Map Reduce
      Map Operator Tree:
          TableScan
            alias: c
            Statistics: Num rows: 15 Data size: 3700 Basic stats: COMPLETE Column stats: NONE
            Select Operator
              expressions: ctinyint (type: tinyint), cint (type: int)
              outputColumnNames: _col0, _col1
              Statistics: Num rows: 15 Data size: 3700 Basic stats: COMPLETE Column stats: NONE
              Map Join Operator
                condition map:
                     Left Outer Join0 to 1
                keys:
                  0 _col1 (type: int)
                  1 _col0 (type: int)
                outputColumnNames: _col0
                Statistics: Num rows: 16 Data size: 4070 Basic stats: COMPLETE Column stats: NONE
                Map Join Operator
                  condition map:
                       Left Outer Join0 to 1
                  keys:
                    0 _col0 (type: tinyint)
                    1 _col0 (type: tinyint)
                  outputColumnNames: _col0
                  Statistics: Num rows: 17 Data size: 4477 Basic stats: COMPLETE Column stats: NONE
                  Group By Operator
                    aggregations: count(), sum(_col0)
                    mode: hash
                    outputColumnNames: _col0, _col1
                    Statistics: Num rows: 1 Data size: 16 Basic stats: COMPLETE Column stats: NONE
                    Reduce Output Operator
                      sort order: 
                      Statistics: Num rows: 1 Data size: 16 Basic stats: COMPLETE Column stats: NONE
                      value expressions: _col0 (type: bigint), _col1 (type: bigint)
      Local Work:
        Map Reduce Local Work
      Execution mode: vectorized
      Reduce Operator Tree:
        Group By Operator
          aggregations: count(VALUE._col0), sum(VALUE._col1)
          mode: mergepartial
          outputColumnNames: _col0, _col1
          Statistics: Num rows: 1 Data size: 16 Basic stats: COMPLETE Column stats: NONE
          File Output Operator
            compressed: false
            Statistics: Num rows: 1 Data size: 16 Basic stats: COMPLETE Column stats: NONE
            table:
                input format: org.apache.hadoop.mapred.TextInputFormat
                output format: org.apache.hadoop.hive.ql.io.HiveIgnoreKeyTextOutputFormat
                serde: org.apache.hadoop.hive.serde2.lazy.LazySimpleSerDe

  Stage: Stage-0
    Fetch Operator
      limit: -1
      Processor Tree:
        ListSink

PREHOOK: query: -- SORT_QUERY_RESULTS

select count(*), sum(t1.c_ctinyint) from (select c.ctinyint as c_ctinyint
from small_alltypesorc_a c
left outer join small_alltypesorc_a cd
  on cd.cint = c.cint 
left outer join small_alltypesorc_a hd
  on hd.ctinyint = c.ctinyint
) t1
PREHOOK: type: QUERY
PREHOOK: Input: default@small_alltypesorc_a
#### A masked pattern was here ####
POSTHOOK: query: -- SORT_QUERY_RESULTS

select count(*), sum(t1.c_ctinyint) from (select c.ctinyint as c_ctinyint
from small_alltypesorc_a c
left outer join small_alltypesorc_a cd
  on cd.cint = c.cint 
left outer join small_alltypesorc_a hd
  on hd.ctinyint = c.ctinyint
) t1
POSTHOOK: type: QUERY
POSTHOOK: Input: default@small_alltypesorc_a
#### A masked pattern was here ####
41	-1544
