PREHOOK: query: explain select * from srcpart limit 1
PREHOOK: type: QUERY
POSTHOOK: query: explain select * from srcpart limit 1
POSTHOOK: type: QUERY
STAGE DEPENDENCIES:
  Stage-0 is a root stage

STAGE PLANS:
  Stage: Stage-0
    Fetch Operator
      limit: 1
      Processor Tree:
        TableScan
          alias: srcpart
          Statistics: Num rows: 2000 Data size: 21248 Basic stats: COMPLETE Column stats: NONE
          Select Operator
            expressions: key (type: string), value (type: string), ds (type: string), hr (type: string)
            outputColumnNames: _col0, _col1, _col2, _col3
            Statistics: Num rows: 2000 Data size: 21248 Basic stats: COMPLETE Column stats: NONE
            Limit
              Number of rows: 1
              Statistics: Num rows: 1 Data size: 10 Basic stats: COMPLETE Column stats: NONE
              ListSink

PREHOOK: query: select * from srcpart limit 1
PREHOOK: type: QUERY
PREHOOK: Input: default@srcpart
PREHOOK: Input: default@srcpart@ds=2008-04-08/hr=11
PREHOOK: Input: default@srcpart@ds=2008-04-08/hr=12
PREHOOK: Input: default@srcpart@ds=2008-04-09/hr=11
PREHOOK: Input: default@srcpart@ds=2008-04-09/hr=12
#### A masked pattern was here ####
POSTHOOK: query: select * from srcpart limit 1
POSTHOOK: type: QUERY
POSTHOOK: Input: default@srcpart
POSTHOOK: Input: default@srcpart@ds=2008-04-08/hr=11
POSTHOOK: Input: default@srcpart@ds=2008-04-08/hr=12
POSTHOOK: Input: default@srcpart@ds=2008-04-09/hr=11
POSTHOOK: Input: default@srcpart@ds=2008-04-09/hr=12
#### A masked pattern was here ####
238	val_238	2008-04-08	11
PREHOOK: query: explain select * from srcpart
PREHOOK: type: QUERY
POSTHOOK: query: explain select * from srcpart
POSTHOOK: type: QUERY
STAGE DEPENDENCIES:
  Stage-0 is a root stage

STAGE PLANS:
  Stage: Stage-0
    Fetch Operator
      limit: -1
      Processor Tree:
        TableScan
          alias: srcpart
          Statistics: Num rows: 2000 Data size: 21248 Basic stats: COMPLETE Column stats: NONE
          Select Operator
            expressions: key (type: string), value (type: string), ds (type: string), hr (type: string)
            outputColumnNames: _col0, _col1, _col2, _col3
            Statistics: Num rows: 2000 Data size: 21248 Basic stats: COMPLETE Column stats: NONE
            ListSink

FAILED: SemanticException Number of partitions scanned (=4) on table default.srcpart exceeds limit (=1). This is controlled by hive.limit.query.max.table.partition.
